This file contains any messages produced by compilers while
running configure, to aid debugging if configure makes a mistake.

It was created by configure, which was
generated by GNU Autoconf 2.60a.  Invocation command line was

  $ ./configure 

## --------- ##
## Platform. ##
## --------- ##

hostname = bilbo
uname -m = x86_64
uname -r = 5.4.0-4-amd64
uname -s = Linux
uname -v = #1 SMP Debian 5.4.19-1 (2020-02-13)

/usr/bin/uname -p = unknown
/bin/uname -X     = unknown

/bin/arch              = unknown
/usr/bin/arch -k       = unknown
/usr/convex/getsysinfo = unknown
/usr/bin/hostinfo      = unknown
/bin/machine           = unknown
/usr/bin/oslevel       = unknown
/bin/universe          = unknown

PATH: /home/yorik/.local/bin
PATH: /home/yorik/Apps
PATH: /snapd/bin
PATH: /sbin
PATH: /usr/local/bin
PATH: /usr/bin
PATH: /bin
PATH: /usr/local/games
PATH: /usr/games


## ----------- ##
## Core tests. ##
## ----------- ##

configure:1806: checking for a BSD-compatible install
configure:1862: result: /usr/bin/install -c
configure:1873: checking whether build environment is sane
configure:1916: result: yes
configure:1949: checking for gawk
configure:1965: found /usr/bin/gawk
configure:1976: result: gawk
configure:1987: checking whether make sets $(MAKE)
configure:2008: result: yes
configure:2229: checking for gcc
configure:2245: found /usr/bin/gcc
configure:2256: result: gcc
configure:2494: checking for C compiler version
configure:2501: gcc --version >&5
gcc (Debian 9.3.0-8) 9.3.0
Copyright (C) 2019 Free Software Foundation, Inc.
This is free software; see the source for copying conditions.  There is NO
warranty; not even for MERCHANTABILITY or FITNESS FOR A PARTICULAR PURPOSE.

configure:2504: $? = 0
configure:2511: gcc -v >&5
Using built-in specs.
COLLECT_GCC=gcc
COLLECT_LTO_WRAPPER=/usr/lib/gcc/x86_64-linux-gnu/9/lto-wrapper
OFFLOAD_TARGET_NAMES=nvptx-none:hsa
OFFLOAD_TARGET_DEFAULT=1
Target: x86_64-linux-gnu
Configured with: ../src/configure -v --with-pkgversion='Debian 9.3.0-8' --with-bugurl=file:///usr/share/doc/gcc-9/README.Bugs --enable-languages=c,ada,c++,go,brig,d,fortran,objc,obj-c++,gm2 --prefix=/usr --with-gcc-major-version-only --program-suffix=-9 --program-prefix=x86_64-linux-gnu- --enable-shared --enable-linker-build-id --libexecdir=/usr/lib --without-included-gettext --enable-threads=posix --libdir=/usr/lib --enable-nls --enable-bootstrap --enable-clocale=gnu --enable-libstdcxx-debug --enable-libstdcxx-time=yes --with-default-libstdcxx-abi=new --enable-gnu-unique-object --disable-vtable-verify --enable-plugin --enable-default-pie --with-system-zlib --with-target-system-zlib=auto --enable-objc-gc=auto --enable-multiarch --disable-werror --with-arch-32=i686 --with-abi=m64 --with-multilib-list=m32,m64,mx32 --enable-multilib --with-tune=generic --enable-offload-targets=nvptx-none,hsa --without-cuda-driver --enable-checking=release --build=x86_64-linux-gnu --host=x86_64-linux-gnu --target=x86_64-linux-gnu --with-build-config=bootstrap-lto-lean --enable-link-mutex
Thread model: posix
gcc version 9.3.0 (Debian 9.3.0-8) 
configure:2514: $? = 0
configure:2521: gcc -V >&5
gcc: error: unrecognized command line option '-V'
gcc: fatal error: no input files
compilation terminated.
configure:2524: $? = 1
configure:2547: checking for C compiler default output file name
configure:2574: gcc    conftest.c  >&5
configure:2577: $? = 0
configure:2615: result: a.out
configure:2632: checking whether the C compiler works
configure:2642: ./a.out
configure:2645: $? = 0
configure:2662: result: yes
configure:2669: checking whether we are cross compiling
configure:2671: result: no
configure:2674: checking for suffix of executables
configure:2681: gcc -o conftest    conftest.c  >&5
configure:2684: $? = 0
configure:2708: result: 
configure:2714: checking for suffix of object files
configure:2740: gcc -c   conftest.c >&5
configure:2743: $? = 0
configure:2766: result: o
configure:2770: checking whether we are using the GNU C compiler
configure:2799: gcc -c   conftest.c >&5
configure:2805: $? = 0
configure:2812: test -z "$ac_c_werror_flag" || test ! -s conftest.err
configure:2815: $? = 0
configure:2822: test -s conftest.o
configure:2825: $? = 0
configure:2839: result: yes
configure:2844: checking whether gcc accepts -g
configure:2874: gcc -c -g  conftest.c >&5
configure:2880: $? = 0
configure:2887: test -z "$ac_c_werror_flag" || test ! -s conftest.err
configure:2890: $? = 0
configure:2897: test -s conftest.o
configure:2900: $? = 0
configure:3030: result: yes
configure:3047: checking for gcc option to accept ISO C89
configure:3121: gcc  -c -g -O2  conftest.c >&5
configure:3127: $? = 0
configure:3134: test -z "$ac_c_werror_flag" || test ! -s conftest.err
configure:3137: $? = 0
configure:3144: test -s conftest.o
configure:3147: $? = 0
configure:3167: result: none needed
configure:3196: checking for style of include used by make
configure:3224: result: GNU
configure:3252: checking dependency style of gcc
configure:3335: result: gcc3
configure:3360: checking how to run the C preprocessor
configure:3400: gcc -E  conftest.c
configure:3406: $? = 0
configure:3444: gcc -E  conftest.c
conftest.c:8:10: fatal error: ac_nonexistent.h: No such file or directory
    8 | #include <ac_nonexistent.h>
      |          ^~~~~~~~~~~~~~~~~~
compilation terminated.
configure:3450: $? = 1
configure: failed program was:
| /* confdefs.h.  */
| #define PACKAGE_NAME ""
| #define PACKAGE_TARNAME ""
| #define PACKAGE_VERSION ""
| #define PACKAGE_STRING ""
| #define PACKAGE_BUGREPORT ""
| /* end confdefs.h.  */
| #include <ac_nonexistent.h>
configure:3490: result: gcc -E
configure:3519: gcc -E  conftest.c
configure:3525: $? = 0
configure:3563: gcc -E  conftest.c
conftest.c:8:10: fatal error: ac_nonexistent.h: No such file or directory
    8 | #include <ac_nonexistent.h>
      |          ^~~~~~~~~~~~~~~~~~
compilation terminated.
configure:3569: $? = 1
configure: failed program was:
| /* confdefs.h.  */
| #define PACKAGE_NAME ""
| #define PACKAGE_TARNAME ""
| #define PACKAGE_VERSION ""
| #define PACKAGE_STRING ""
| #define PACKAGE_BUGREPORT ""
| /* end confdefs.h.  */
| #include <ac_nonexistent.h>
configure:3614: checking for grep that handles long lines and -e
configure:3688: result: /bin/grep
configure:3693: checking for egrep
configure:3771: result: /bin/grep -E
configure:3776: checking for ANSI C header files
configure:3806: gcc -c -g -O2  conftest.c >&5
configure:3812: $? = 0
configure:3819: test -z "$ac_c_werror_flag" || test ! -s conftest.err
configure:3822: $? = 0
configure:3829: test -s conftest.o
configure:3832: $? = 0
configure:3928: gcc -o conftest -g -O2   conftest.c  >&5
configure:3931: $? = 0
configure:3937: ./conftest
configure:3940: $? = 0
configure:3957: result: yes
configure:3981: checking for sys/types.h
configure:4002: gcc -c -g -O2  conftest.c >&5
configure:4008: $? = 0
configure:4015: test -z "$ac_c_werror_flag" || test ! -s conftest.err
configure:4018: $? = 0
configure:4025: test -s conftest.o
configure:4028: $? = 0
configure:4041: result: yes
configure:3981: checking for sys/stat.h
configure:4002: gcc -c -g -O2  conftest.c >&5
configure:4008: $? = 0
configure:4015: test -z "$ac_c_werror_flag" || test ! -s conftest.err
configure:4018: $? = 0
configure:4025: test -s conftest.o
configure:4028: $? = 0
configure:4041: result: yes
configure:3981: checking for stdlib.h
configure:4002: gcc -c -g -O2  conftest.c >&5
configure:4008: $? = 0
configure:4015: test -z "$ac_c_werror_flag" || test ! -s conftest.err
configure:4018: $? = 0
configure:4025: test -s conftest.o
configure:4028: $? = 0
configure:4041: result: yes
configure:3981: checking for string.h
configure:4002: gcc -c -g -O2  conftest.c >&5
configure:4008: $? = 0
configure:4015: test -z "$ac_c_werror_flag" || test ! -s conftest.err
configure:4018: $? = 0
configure:4025: test -s conftest.o
configure:4028: $? = 0
configure:4041: result: yes
configure:3981: checking for memory.h
configure:4002: gcc -c -g -O2  conftest.c >&5
configure:4008: $? = 0
configure:4015: test -z "$ac_c_werror_flag" || test ! -s conftest.err
configure:4018: $? = 0
configure:4025: test -s conftest.o
configure:4028: $? = 0
configure:4041: result: yes
configure:3981: checking for strings.h
configure:4002: gcc -c -g -O2  conftest.c >&5
configure:4008: $? = 0
configure:4015: test -z "$ac_c_werror_flag" || test ! -s conftest.err
configure:4018: $? = 0
configure:4025: test -s conftest.o
configure:4028: $? = 0
configure:4041: result: yes
configure:3981: checking for inttypes.h
configure:4002: gcc -c -g -O2  conftest.c >&5
configure:4008: $? = 0
configure:4015: test -z "$ac_c_werror_flag" || test ! -s conftest.err
configure:4018: $? = 0
configure:4025: test -s conftest.o
configure:4028: $? = 0
configure:4041: result: yes
configure:3981: checking for stdint.h
configure:4002: gcc -c -g -O2  conftest.c >&5
configure:4008: $? = 0
configure:4015: test -z "$ac_c_werror_flag" || test ! -s conftest.err
configure:4018: $? = 0
configure:4025: test -s conftest.o
configure:4028: $? = 0
configure:4041: result: yes
configure:3981: checking for unistd.h
configure:4002: gcc -c -g -O2  conftest.c >&5
configure:4008: $? = 0
configure:4015: test -z "$ac_c_werror_flag" || test ! -s conftest.err
configure:4018: $? = 0
configure:4025: test -s conftest.o
configure:4028: $? = 0
configure:4041: result: yes
configure:4069: checking locale.h usability
configure:4086: gcc -c -g -O2  conftest.c >&5
configure:4092: $? = 0
configure:4099: test -z "$ac_c_werror_flag" || test ! -s conftest.err
configure:4102: $? = 0
configure:4109: test -s conftest.o
configure:4112: $? = 0
configure:4123: result: yes
configure:4127: checking locale.h presence
configure:4142: gcc -E  conftest.c
configure:4148: $? = 0
configure:4169: result: yes
configure:4197: checking for locale.h
configure:4205: result: yes
configure:4219: checking for LC_MESSAGES
configure:4245: gcc -o conftest -g -O2   conftest.c  >&5
configure:4251: $? = 0
configure:4258: test -z "$ac_c_werror_flag" || test ! -s conftest.err
configure:4261: $? = 0
configure:4268: test -s conftest
configure:4271: $? = 0
configure:4284: result: yes
configure:4313: checking libintl.h usability
configure:4330: gcc -c -g -O2  conftest.c >&5
configure:4336: $? = 0
configure:4343: test -z "$ac_c_werror_flag" || test ! -s conftest.err
configure:4346: $? = 0
configure:4353: test -s conftest.o
configure:4356: $? = 0
configure:4367: result: yes
configure:4371: checking libintl.h presence
configure:4386: gcc -E  conftest.c
configure:4392: $? = 0
configure:4413: result: yes
configure:4441: checking for libintl.h
configure:4448: result: yes
configure:4459: checking for ngettext in libc
configure:4487: gcc -o conftest -g -O2   conftest.c  >&5
configure:4493: $? = 0
configure:4500: test -z "$ac_c_werror_flag" || test ! -s conftest.err
configure:4503: $? = 0
configure:4510: test -s conftest
configure:4513: $? = 0
configure:4527: result: yes
configure:4531: checking for dgettext in libc
configure:4559: gcc -o conftest -g -O2   conftest.c  >&5
configure:4565: $? = 0
configure:4572: test -z "$ac_c_werror_flag" || test ! -s conftest.err
configure:4575: $? = 0
configure:4582: test -s conftest
configure:4585: $? = 0
configure:4599: result: yes
configure:4608: checking for bind_textdomain_codeset
configure:4664: gcc -o conftest -g -O2   conftest.c  >&5
configure:4670: $? = 0
configure:4677: test -z "$ac_c_werror_flag" || test ! -s conftest.err
configure:4680: $? = 0
configure:4687: test -s conftest
configure:4690: $? = 0
configure:4704: result: yes
configure:5287: checking for msgfmt
configure:5314: result: /usr/bin/msgfmt
configure:5327: checking for dcgettext
configure:5383: gcc -o conftest -g -O2   conftest.c   >&5
conftest.c:45:6: warning: conflicting types for built-in function 'dcgettext'; expected 'char *(const char *, const char *, int)' [-Wbuiltin-declaration-mismatch]
   45 | char dcgettext ();
      |      ^~~~~~~~~
configure:5389: $? = 0
configure:5396: test -z "$ac_c_werror_flag" || test ! -s conftest.err
configure:5399: $? = 0
configure:5406: test -s conftest
configure:5409: $? = 0
configure:5423: result: yes
configure:5435: checking for gmsgfmt
configure:5466: result: /usr/bin/msgfmt
configure:5476: checking for xgettext
configure:5503: result: /usr/bin/xgettext
configure:5532: gcc -o conftest -g -O2   conftest.c   >&5
configure:5538: $? = 0
configure:5545: test -z "$ac_c_werror_flag" || test ! -s conftest.err
configure:5548: $? = 0
configure:5555: test -s conftest
configure:5558: $? = 0
configure:5739: checking for catalogs to be installed
configure:5764: result:  de
configure:5830: checking for pkg-config
configure:5848: found /usr/bin/pkg-config
configure:5861: result: /usr/bin/pkg-config
configure:5885: checking for GLIB - version >= 2.4.0
configure:6009: gcc -o conftest -g -O2 -I/usr/include/glib-2.0 -I/usr/lib/x86_64-linux-gnu/glib-2.0/include   conftest.c -lglib-2.0  >&5
configure:6012: $? = 0
configure:6018: ./conftest
configure:6021: $? = 0
configure:6041: result: yes (version 2.64.1)
configure:6174: checking for pkg-config
configure:6205: result: /usr/bin/pkg-config
configure:6227: checking for GTK+ - version >= 2.4.0
configure:6347: gcc -o conftest -g -O2 -pthread -I/usr/include/gtk-2.0 -I/usr/lib/x86_64-linux-gnu/gtk-2.0/include -I/usr/include/pango-1.0 -I/usr/include/atk-1.0 -I/usr/include/cairo -I/usr/include/pixman-1 -I/usr/include/gdk-pixbuf-2.0 -I/usr/include/libmount -I/usr/include/blkid -I/usr/include/pango-1.0 -I/usr/include/harfbuzz -I/usr/include/pango-1.0 -I/usr/include/fribidi -I/usr/include/glib-2.0 -I/usr/lib/x86_64-linux-gnu/glib-2.0/include -I/usr/include/uuid -I/usr/include/freetype2 -I/usr/include/libpng16   conftest.c -lgtk-x11-2.0 -lgdk-x11-2.0 -lpangocairo-1.0 -latk-1.0 -lcairo -lgdk_pixbuf-2.0 -lgio-2.0 -lpangoft2-1.0 -lpango-1.0 -lgobject-2.0 -lglib-2.0 -lfontconfig -lfreetype  >&5
In file included from /usr/include/gtk-2.0/gtk/gtkobject.h:37,
                 from /usr/include/gtk-2.0/gtk/gtkwidget.h:36,
                 from /usr/include/gtk-2.0/gtk/gtkcontainer.h:35,
                 from /usr/include/gtk-2.0/gtk/gtkbin.h:35,
                 from /usr/include/gtk-2.0/gtk/gtkwindow.h:36,
                 from /usr/include/gtk-2.0/gtk/gtkdialog.h:35,
                 from /usr/include/gtk-2.0/gtk/gtkaboutdialog.h:32,
                 from /usr/include/gtk-2.0/gtk/gtk.h:33,
                 from conftest.c:25:
/usr/include/gtk-2.0/gtk/gtktypeutils.h:236:1: warning: 'GTypeDebugFlags' is deprecated [-Wdeprecated-declarations]
  236 | void            gtk_type_init   (GTypeDebugFlags    debug_flags);
      | ^~~~
In file included from /usr/include/glib-2.0/gobject/gobject.h:24,
                 from /usr/include/glib-2.0/gobject/gbinding.h:29,
                 from /usr/include/glib-2.0/glib-object.h:22,
                 from /usr/include/glib-2.0/gio/gioenums.h:28,
                 from /usr/include/glib-2.0/gio/giotypes.h:28,
                 from /usr/include/glib-2.0/gio/gio.h:26,
                 from /usr/include/gtk-2.0/gdk/gdkapplaunchcontext.h:30,
                 from /usr/include/gtk-2.0/gdk/gdk.h:32,
                 from /usr/include/gtk-2.0/gtk/gtk.h:32,
                 from conftest.c:25:
/usr/include/glib-2.0/gobject/gtype.h:679:1: note: declared here
  679 | {
      | ^
In file included from /usr/include/gtk-2.0/gtk/gtktoolitem.h:31,
                 from /usr/include/gtk-2.0/gtk/gtktoolbutton.h:30,
                 from /usr/include/gtk-2.0/gtk/gtkmenutoolbutton.h:30,
                 from /usr/include/gtk-2.0/gtk/gtk.h:126,
                 from conftest.c:25:
/usr/include/gtk-2.0/gtk/gtktooltips.h:73:3: warning: 'GTimeVal' is deprecated: Use 'GDateTime' instead [-Wdeprecated-declarations]
   73 |   GTimeVal last_popdown;
      |   ^~~~~~~~
In file included from /usr/include/glib-2.0/glib/galloca.h:32,
                 from /usr/include/glib-2.0/glib.h:30,
                 from /usr/include/glib-2.0/gobject/gbinding.h:28,
                 from /usr/include/glib-2.0/glib-object.h:22,
                 from /usr/include/glib-2.0/gio/gioenums.h:28,
                 from /usr/include/glib-2.0/gio/giotypes.h:28,
                 from /usr/include/glib-2.0/gio/gio.h:26,
                 from /usr/include/gtk-2.0/gdk/gdkapplaunchcontext.h:30,
                 from /usr/include/gtk-2.0/gdk/gdk.h:32,
                 from /usr/include/gtk-2.0/gtk/gtk.h:32,
                 from conftest.c:25:
/usr/include/glib-2.0/glib/gtypes.h:547:8: note: declared here
  547 | struct _GTimeVal
      |        ^~~~~~~~~
configure:6350: $? = 0
configure:6356: ./conftest
configure:6359: $? = 0
configure:6379: result: yes (version 2.24.32)
configure:6592: checking pkg-config is at least version 0.9.0
configure:6595: result: yes
configure:6606: checking for LIBGLADE
configure:6611: $PKG_CONFIG --exists --print-errors "libglade-2.0 >= 2.4.0"
configure:6614: $? = 0
configure:6625: $PKG_CONFIG --exists --print-errors "libglade-2.0 >= 2.4.0"
configure:6628: $? = 0
configure:6653: result: yes
configure:6684: checking for pkg-config
configure:6715: result: /usr/bin/pkg-config
configure:6737: checking for GtkGLExt - version >= 1.0.0
configure:6866: gcc -o conftest -g -O2 -pthread -I/usr/include/gtkglext-1.0 -I/usr/lib/x86_64-linux-gnu/gtkglext-1.0/include -I/usr/include/gtk-2.0 -I/usr/lib/x86_64-linux-gnu/gtk-2.0/include -I/usr/include/pango-1.0 -I/usr/include/gtk-2.0 -I/usr/lib/x86_64-linux-gnu/gtk-2.0/include -I/usr/include/pango-1.0 -I/usr/include/atk-1.0 -I/usr/include/cairo -I/usr/include/pixman-1 -I/usr/include/gdk-pixbuf-2.0 -I/usr/include/libmount -I/usr/include/blkid -I/usr/include/pango-1.0 -I/usr/include/harfbuzz -I/usr/include/pango-1.0 -I/usr/include/fribidi -I/usr/include/glib-2.0 -I/usr/lib/x86_64-linux-gnu/glib-2.0/include -I/usr/include/uuid -I/usr/include/freetype2 -I/usr/include/libpng16   conftest.c -lgtkglext-x11-1.0 -lgdkglext-x11-1.0 -lGLU -lGL -lXmu -lXt -lSM -lICE -lgdk-x11-2.0 -lpangox-1.0 -lX11 -Wl,--export-dynamic -lgmodule-2.0 -pthread -lgtk-x11-2.0 -lgdk-x11-2.0 -lpangocairo-1.0 -latk-1.0 -lcairo -lgdk_pixbuf-2.0 -lgio-2.0 -lpangoft2-1.0 -lpango-1.0 -lgobject-2.0 -lglib-2.0 -lfontconfig -lfreetype  >&5
In file included from /usr/include/gtk-2.0/gtk/gtkobject.h:37,
                 from /usr/include/gtk-2.0/gtk/gtkwidget.h:36,
                 from /usr/include/gtk-2.0/gtk/gtkcontainer.h:35,
                 from /usr/include/gtk-2.0/gtk/gtkbin.h:35,
                 from /usr/include/gtk-2.0/gtk/gtkwindow.h:36,
                 from /usr/include/gtk-2.0/gtk/gtkdialog.h:35,
                 from /usr/include/gtk-2.0/gtk/gtkaboutdialog.h:32,
                 from /usr/include/gtk-2.0/gtk/gtk.h:33,
                 from conftest.c:25:
/usr/include/gtk-2.0/gtk/gtktypeutils.h:236:1: warning: 'GTypeDebugFlags' is deprecated [-Wdeprecated-declarations]
  236 | void            gtk_type_init   (GTypeDebugFlags    debug_flags);
      | ^~~~
In file included from /usr/include/glib-2.0/gobject/gobject.h:24,
                 from /usr/include/glib-2.0/gobject/gbinding.h:29,
                 from /usr/include/glib-2.0/glib-object.h:22,
                 from /usr/include/glib-2.0/gio/gioenums.h:28,
                 from /usr/include/glib-2.0/gio/giotypes.h:28,
                 from /usr/include/glib-2.0/gio/gio.h:26,
                 from /usr/include/gtk-2.0/gdk/gdkapplaunchcontext.h:30,
                 from /usr/include/gtk-2.0/gdk/gdk.h:32,
                 from /usr/include/gtk-2.0/gtk/gtk.h:32,
                 from conftest.c:25:
/usr/include/glib-2.0/gobject/gtype.h:679:1: note: declared here
  679 | {
      | ^
In file included from /usr/include/gtk-2.0/gtk/gtktoolitem.h:31,
                 from /usr/include/gtk-2.0/gtk/gtktoolbutton.h:30,
                 from /usr/include/gtk-2.0/gtk/gtkmenutoolbutton.h:30,
                 from /usr/include/gtk-2.0/gtk/gtk.h:126,
                 from conftest.c:25:
/usr/include/gtk-2.0/gtk/gtktooltips.h:73:3: warning: 'GTimeVal' is deprecated: Use 'GDateTime' instead [-Wdeprecated-declarations]
   73 |   GTimeVal last_popdown;
      |   ^~~~~~~~
In file included from /usr/include/glib-2.0/glib/galloca.h:32,
                 from /usr/include/glib-2.0/glib.h:30,
                 from /usr/include/glib-2.0/gobject/gbinding.h:28,
                 from /usr/include/glib-2.0/glib-object.h:22,
                 from /usr/include/glib-2.0/gio/gioenums.h:28,
                 from /usr/include/glib-2.0/gio/giotypes.h:28,
                 from /usr/include/glib-2.0/gio/gio.h:26,
                 from /usr/include/gtk-2.0/gdk/gdkapplaunchcontext.h:30,
                 from /usr/include/gtk-2.0/gdk/gdk.h:32,
                 from /usr/include/gtk-2.0/gtk/gtk.h:32,
                 from conftest.c:25:
/usr/include/glib-2.0/glib/gtypes.h:547:8: note: declared here
  547 | struct _GTimeVal
      |        ^~~~~~~~~
configure:6869: $? = 0
configure:6875: ./conftest
configure:6878: $? = 0
configure:6898: result: yes (version 1.2.0)
configure:7006: checking for LIBG3D
configure:7011: $PKG_CONFIG --exists --print-errors "libg3d >= 0.0.5"
configure:7014: $? = 0
configure:7025: $PKG_CONFIG --exists --print-errors "libg3d >= 0.0.5"
configure:7028: $? = 0
configure:7053: result: yes
configure:7059: checking for X
configure:7174: gcc -E  conftest.c
configure:7180: $? = 0
configure:7236: gcc -o conftest -g -O2   conftest.c -lX11  >&5
configure:7242: $? = 0
configure:7249: test -z "$ac_c_werror_flag" || test ! -s conftest.err
configure:7252: $? = 0
configure:7259: test -s conftest
configure:7262: $? = 0
configure:7317: result: libraries , headers 
configure:7510: gcc -o conftest -g -O2   conftest.c   -lX11 >&5
configure:7516: $? = 0
configure:7523: test -z "$ac_c_werror_flag" || test ! -s conftest.err
configure:7526: $? = 0
configure:7533: test -s conftest
configure:7536: $? = 0
configure:7721: checking for gethostbyname
configure:7777: gcc -o conftest -g -O2   conftest.c  >&5
configure:7783: $? = 0
configure:7790: test -z "$ac_c_werror_flag" || test ! -s conftest.err
configure:7793: $? = 0
configure:7800: test -s conftest
configure:7803: $? = 0
configure:7816: result: yes
configure:7993: checking for connect
configure:8049: gcc -o conftest -g -O2   conftest.c  >&5
configure:8055: $? = 0
configure:8062: test -z "$ac_c_werror_flag" || test ! -s conftest.err
configure:8065: $? = 0
configure:8072: test -s conftest
configure:8075: $? = 0
configure:8088: result: yes
configure:8176: checking for remove
configure:8232: gcc -o conftest -g -O2   conftest.c  >&5
configure:8238: $? = 0
configure:8245: test -z "$ac_c_werror_flag" || test ! -s conftest.err
configure:8248: $? = 0
configure:8255: test -s conftest
configure:8258: $? = 0
configure:8271: result: yes
configure:8359: checking for shmat
configure:8415: gcc -o conftest -g -O2   conftest.c  >&5
configure:8421: $? = 0
configure:8428: test -z "$ac_c_werror_flag" || test ! -s conftest.err
configure:8431: $? = 0
configure:8438: test -s conftest
configure:8441: $? = 0
configure:8454: result: yes
configure:8551: checking for IceConnectionNumber in -lICE
configure:8586: gcc -o conftest -g -O2   conftest.c -lICE   >&5
configure:8592: $? = 0
configure:8599: test -z "$ac_c_werror_flag" || test ! -s conftest.err
configure:8602: $? = 0
configure:8609: test -s conftest
configure:8612: $? = 0
configure:8626: result: yes
configure:8648: checking for GL/gl.h
configure:8669: gcc -c -g -O2   conftest.c >&5
configure:8675: $? = 0
configure:8682: test -z "$ac_c_werror_flag" || test ! -s conftest.err
configure:8685: $? = 0
configure:8692: test -s conftest.o
configure:8695: $? = 0
configure:8708: result: yes
configure:8648: checking for GL/glu.h
configure:8669: gcc -c -g -O2   conftest.c >&5
configure:8675: $? = 0
configure:8682: test -z "$ac_c_werror_flag" || test ! -s conftest.err
configure:8685: $? = 0
configure:8692: test -s conftest.o
configure:8695: $? = 0
configure:8708: result: yes
configure:8724: checking for glBegin in -lGL
configure:8759: gcc -o conftest -g -O2    conftest.c -lGL    >&5
configure:8765: $? = 0
configure:8772: test -z "$ac_c_werror_flag" || test ! -s conftest.err
configure:8775: $? = 0
configure:8782: test -s conftest
configure:8785: $? = 0
configure:8799: result: yes
configure:8807: checking for gluPerspective in -lGLU
configure:8842: gcc -o conftest -g -O2    conftest.c -lGLU -lGL -lgtk-x11-2.0 -lgdk-x11-2.0 -lpangocairo-1.0 -latk-1.0 -lcairo -lgdk_pixbuf-2.0 -lgio-2.0 -lpangoft2-1.0 -lpango-1.0 -lgobject-2.0 -lglib-2.0 -lfontconfig -lfreetype   >&5
configure:8848: $? = 0
configure:8855: test -z "$ac_c_werror_flag" || test ! -s conftest.err
configure:8858: $? = 0
configure:8865: test -s conftest
configure:8868: $? = 0
configure:8882: result: yes
configure:8906: checking for dirent.h
configure:8927: gcc -c -g -O2   conftest.c >&5
configure:8933: $? = 0
configure:8940: test -z "$ac_c_werror_flag" || test ! -s conftest.err
configure:8943: $? = 0
configure:8950: test -s conftest.o
configure:8953: $? = 0
configure:8966: result: yes
configure:8906: checking for sys/stat.h
configure:8966: result: yes
configure:8906: checking for unistd.h
configure:8966: result: yes
configure:8983: checking for snprintf
configure:9039: gcc -o conftest -g -O2    conftest.c   >&5
conftest.c:52:6: warning: conflicting types for built-in function 'snprintf'; expected 'int(char *, long unsigned int,  const char *, ...)' [-Wbuiltin-declaration-mismatch]
   52 | char snprintf ();
      |      ^~~~~~~~
conftest.c:40:1: note: 'snprintf' is declared in header '<stdio.h>'
   39 | # include <limits.h>
   40 | #else
configure:9045: $? = 0
configure:9052: test -z "$ac_c_werror_flag" || test ! -s conftest.err
configure:9055: $? = 0
configure:9062: test -s conftest
configure:9065: $? = 0
configure:9078: result: yes
configure:9090: checking for fstat
configure:9146: gcc -o conftest -g -O2    conftest.c   >&5
configure:9152: $? = 0
configure:9159: test -z "$ac_c_werror_flag" || test ! -s conftest.err
configure:9162: $? = 0
configure:9169: test -s conftest
configure:9172: $? = 0
configure:9185: result: yes
configure:9200: checking for debug level
configure:9209: result: 0
configure:9342: creating ./config.status

## ---------------------- ##
## Running config.status. ##
## ---------------------- ##

This file was extended by config.status, which was
generated by GNU Autoconf 2.60a.  Invocation command line was

  CONFIG_FILES    = 
  CONFIG_HEADERS  = 
  CONFIG_LINKS    = 
  CONFIG_COMMANDS = 
  $ ./config.status 

on bilbo

config.status:667: creating Makefile
config.status:667: creating m4/Makefile
config.status:667: creating man/Makefile
config.status:667: creating src/Makefile
config.status:667: creating thumbnailer/Makefile
config.status:667: creating pixmaps/Makefile
config.status:667: creating glade/Makefile
config.status:667: creating po/Makefile.in
config.status:802: WARNING:  po/Makefile.in.in seems to ignore the --datarootdir setting
config.status:667: creating config.h
config.status:944: executing depfiles commands
config.status:944: executing default-1 commands

## ---------------- ##
## Cache variables. ##
## ---------------- ##

ac_cv_c_compiler_gnu=yes
ac_cv_env_CC_set=
ac_cv_env_CC_value=
ac_cv_env_CFLAGS_set=
ac_cv_env_CFLAGS_value=
ac_cv_env_CPPFLAGS_set=
ac_cv_env_CPPFLAGS_value=
ac_cv_env_CPP_set=
ac_cv_env_CPP_value=
ac_cv_env_LDFLAGS_set=
ac_cv_env_LDFLAGS_value=
ac_cv_env_LIBG3D_CFLAGS_set=
ac_cv_env_LIBG3D_CFLAGS_value=
ac_cv_env_LIBG3D_LIBS_set=
ac_cv_env_LIBG3D_LIBS_value=
ac_cv_env_LIBGLADE_CFLAGS_set=
ac_cv_env_LIBGLADE_CFLAGS_value=
ac_cv_env_LIBGLADE_LIBS_set=
ac_cv_env_LIBGLADE_LIBS_value=
ac_cv_env_PKG_CONFIG_set=
ac_cv_env_PKG_CONFIG_value=
ac_cv_env_XMKMF_set=
ac_cv_env_XMKMF_value=
ac_cv_env_build_alias_set=
ac_cv_env_build_alias_value=
ac_cv_env_host_alias_set=
ac_cv_env_host_alias_value=
ac_cv_env_target_alias_set=
ac_cv_env_target_alias_value=
ac_cv_func_bind_textdomain_codeset=yes
ac_cv_func_connect=yes
ac_cv_func_dcgettext=yes
ac_cv_func_fstat=yes
ac_cv_func_gethostbyname=yes
ac_cv_func_remove=yes
ac_cv_func_shmat=yes
ac_cv_func_snprintf=yes
ac_cv_have_x='have_x=yes	ac_x_includes='\'''\''	ac_x_libraries='\'''\'''
ac_cv_header_GL_gl_h=yes
ac_cv_header_GL_glu_h=yes
ac_cv_header_dirent_h=yes
ac_cv_header_inttypes_h=yes
ac_cv_header_libintl_h=yes
ac_cv_header_locale_h=yes
ac_cv_header_memory_h=yes
ac_cv_header_stdc=yes
ac_cv_header_stdint_h=yes
ac_cv_header_stdlib_h=yes
ac_cv_header_string_h=yes
ac_cv_header_strings_h=yes
ac_cv_header_sys_stat_h=yes
ac_cv_header_sys_types_h=yes
ac_cv_header_unistd_h=yes
ac_cv_lib_GLU_gluPerspective=yes
ac_cv_lib_GL_glBegin=yes
ac_cv_lib_ICE_IceConnectionNumber=yes
ac_cv_objext=o
ac_cv_path_EGREP='/bin/grep -E'
ac_cv_path_GMSGFMT=/usr/bin/msgfmt
ac_cv_path_GREP=/bin/grep
ac_cv_path_MSGFMT=/usr/bin/msgfmt
ac_cv_path_PKG_CONFIG=/usr/bin/pkg-config
ac_cv_path_XGETTEXT=/usr/bin/xgettext
ac_cv_path_install='/usr/bin/install -c'
ac_cv_prog_AWK=gawk
ac_cv_prog_CPP='gcc -E'
ac_cv_prog_ac_ct_CC=gcc
ac_cv_prog_cc_c89=
ac_cv_prog_cc_g=yes
ac_cv_prog_make_make_set=yes
am_cv_CC_dependencies_compiler_type=gcc3
am_cv_val_LC_MESSAGES=yes
gt_cv_func_dgettext_libc=yes
gt_cv_func_dgettext_libintl=no
gt_cv_func_ngettext_libc=yes
gt_cv_have_gettext=yes
pkg_cv_LIBG3D_CFLAGS='-I/usr/include/glib-2.0 -I/usr/lib/x86_64-linux-gnu/glib-2.0/include'
pkg_cv_LIBG3D_LIBS=-lg3d
pkg_cv_LIBGLADE_CFLAGS='-pthread -I/usr/include/libglade-2.0 -I/usr/include/gtk-2.0 -I/usr/lib/x86_64-linux-gnu/gtk-2.0/include -I/usr/include/pango-1.0 -I/usr/include/atk-1.0 -I/usr/include/cairo -I/usr/include/pixman-1 -I/usr/include/gdk-pixbuf-2.0 -I/usr/include/libmount -I/usr/include/blkid -I/usr/include/pango-1.0 -I/usr/include/harfbuzz -I/usr/include/pango-1.0 -I/usr/include/fribidi -I/usr/include/glib-2.0 -I/usr/lib/x86_64-linux-gnu/glib-2.0/include -I/usr/include/uuid -I/usr/include/freetype2 -I/usr/include/libpng16 -I/usr/include/libxml2'
pkg_cv_LIBGLADE_LIBS='-lglade-2.0 -lgtk-x11-2.0 -lgdk-x11-2.0 -lpangocairo-1.0 -latk-1.0 -lcairo -lgdk_pixbuf-2.0 -lgio-2.0 -lpangoft2-1.0 -lpango-1.0 -lgobject-2.0 -lglib-2.0 -lfontconfig -lfreetype -lxml2'

## ----------------- ##
## Output variables. ##
## ----------------- ##

ACLOCAL='${SHELL} /home/yorik/Sources/g3dviewer-0.2.99.4/missing --run aclocal-1.7'
AMDEPBACKSLASH='\'
AMDEP_FALSE='#'
AMDEP_TRUE=''
AMTAR='${SHELL} /home/yorik/Sources/g3dviewer-0.2.99.4/missing --run tar'
AUTOCONF='${SHELL} /home/yorik/Sources/g3dviewer-0.2.99.4/missing --run autoconf'
AUTOHEADER='${SHELL} /home/yorik/Sources/g3dviewer-0.2.99.4/missing --run autoheader'
AUTOMAKE='${SHELL} /home/yorik/Sources/g3dviewer-0.2.99.4/missing --run automake-1.7'
AWK='gawk'
CATALOGS=' de.gmo'
CATOBJEXT='.gmo'
CC='gcc'
CCDEPMODE='depmode=gcc3'
CFLAGS='-g -O2'
CPP='gcc -E'
CPPFLAGS=' '
CYGPATH_W='echo'
DATADIRNAME='share'
DBG_CFLAGS='-O2'
DEBUG='0'
DEFS='-DHAVE_CONFIG_H'
DEPDIR='.deps'
ECHO_C=''
ECHO_N='-n'
ECHO_T=''
EGREP='/bin/grep -E'
EXEEXT=''
GETTEXT_PACKAGE='g3dviewer'
GLIB_CFLAGS='-I/usr/include/glib-2.0 -I/usr/lib/x86_64-linux-gnu/glib-2.0/include'
GLIB_GENMARSHAL='/usr/bin/glib-genmarshal'
GLIB_LIBS='-lglib-2.0'
GLIB_MKENUMS='/usr/bin/glib-mkenums'
GL_LIBS='-lGL -lGLU -lgtk-x11-2.0 -lgdk-x11-2.0 -lpangocairo-1.0 -latk-1.0 -lcairo -lgdk_pixbuf-2.0 -lgio-2.0 -lpangoft2-1.0 -lpango-1.0 -lgobject-2.0 -lglib-2.0 -lfontconfig -lfreetype'
GMOFILES=' de.gmo'
GMSGFMT='/usr/bin/msgfmt'
GOBJECT_QUERY='/usr/bin/gobject-query'
GREP='/bin/grep'
GTKGLEXT_CFLAGS='-pthread -I/usr/include/gtkglext-1.0 -I/usr/lib/x86_64-linux-gnu/gtkglext-1.0/include -I/usr/include/gtk-2.0 -I/usr/lib/x86_64-linux-gnu/gtk-2.0/include -I/usr/include/pango-1.0 -I/usr/include/gtk-2.0 -I/usr/lib/x86_64-linux-gnu/gtk-2.0/include -I/usr/include/pango-1.0 -I/usr/include/atk-1.0 -I/usr/include/cairo -I/usr/include/pixman-1 -I/usr/include/gdk-pixbuf-2.0 -I/usr/include/libmount -I/usr/include/blkid -I/usr/include/pango-1.0 -I/usr/include/harfbuzz -I/usr/include/pango-1.0 -I/usr/include/fribidi -I/usr/include/glib-2.0 -I/usr/lib/x86_64-linux-gnu/glib-2.0/include -I/usr/include/uuid -I/usr/include/freetype2 -I/usr/include/libpng16'
GTKGLEXT_LIBS='-lgtkglext-x11-1.0 -lgdkglext-x11-1.0 -lGLU -lGL -lXmu -lXt -lSM -lICE -lgdk-x11-2.0 -lpangox-1.0 -lX11 -Wl,--export-dynamic -lgmodule-2.0 -pthread -lgtk-x11-2.0 -lgdk-x11-2.0 -lpangocairo-1.0 -latk-1.0 -lcairo -lgdk_pixbuf-2.0 -lgio-2.0 -lpangoft2-1.0 -lpango-1.0 -lgobject-2.0 -lglib-2.0 -lfontconfig -lfreetype'
GTK_CFLAGS='-pthread -I/usr/include/gtk-2.0 -I/usr/lib/x86_64-linux-gnu/gtk-2.0/include -I/usr/include/pango-1.0 -I/usr/include/atk-1.0 -I/usr/include/cairo -I/usr/include/pixman-1 -I/usr/include/gdk-pixbuf-2.0 -I/usr/include/libmount -I/usr/include/blkid -I/usr/include/pango-1.0 -I/usr/include/harfbuzz -I/usr/include/pango-1.0 -I/usr/include/fribidi -I/usr/include/glib-2.0 -I/usr/lib/x86_64-linux-gnu/glib-2.0/include -I/usr/include/uuid -I/usr/include/freetype2 -I/usr/include/libpng16'
GTK_LIBS='-lgtk-x11-2.0 -lgdk-x11-2.0 -lpangocairo-1.0 -latk-1.0 -lcairo -lgdk_pixbuf-2.0 -lgio-2.0 -lpangoft2-1.0 -lpango-1.0 -lgobject-2.0 -lglib-2.0 -lfontconfig -lfreetype'
INSTALL_DATA='${INSTALL} -m 644'
INSTALL_PROGRAM='${INSTALL}'
INSTALL_SCRIPT='${INSTALL}'
INSTALL_STRIP_PROGRAM='${SHELL} $(install_sh) -c -s'
INSTOBJEXT='.mo'
INTLLIBS=''
LDFLAGS=''
LIBG3D_CFLAGS='-I/usr/include/glib-2.0 -I/usr/lib/x86_64-linux-gnu/glib-2.0/include'
LIBG3D_LIBS='-lg3d'
LIBGLADE_CFLAGS='-pthread -I/usr/include/libglade-2.0 -I/usr/include/gtk-2.0 -I/usr/lib/x86_64-linux-gnu/gtk-2.0/include -I/usr/include/pango-1.0 -I/usr/include/atk-1.0 -I/usr/include/cairo -I/usr/include/pixman-1 -I/usr/include/gdk-pixbuf-2.0 -I/usr/include/libmount -I/usr/include/blkid -I/usr/include/pango-1.0 -I/usr/include/harfbuzz -I/usr/include/pango-1.0 -I/usr/include/fribidi -I/usr/include/glib-2.0 -I/usr/lib/x86_64-linux-gnu/glib-2.0/include -I/usr/include/uuid -I/usr/include/freetype2 -I/usr/include/libpng16 -I/usr/include/libxml2'
LIBGLADE_LIBS='-lglade-2.0 -lgtk-x11-2.0 -lgdk-x11-2.0 -lpangocairo-1.0 -latk-1.0 -lcairo -lgdk_pixbuf-2.0 -lgio-2.0 -lpangoft2-1.0 -lpango-1.0 -lgobject-2.0 -lglib-2.0 -lfontconfig -lfreetype -lxml2'
LIBOBJS=''
LIBS=' '
LTLIBOBJS=''
MAKEINFO='${SHELL} /home/yorik/Sources/g3dviewer-0.2.99.4/missing --run makeinfo'
MKINSTALLDIRS='./mkinstalldirs'
MSGFMT='/usr/bin/msgfmt'
OBJEXT='o'
PACKAGE='g3dviewer'
PACKAGE_BUGREPORT=''
PACKAGE_NAME=''
PACKAGE_STRING=''
PACKAGE_TARNAME=''
PACKAGE_VERSION=''
PATH_SEPARATOR=':'
PKG_CONFIG='/usr/bin/pkg-config'
POFILES=' de.po'
POSUB='po'
PO_IN_DATADIR_FALSE=''
PO_IN_DATADIR_TRUE=''
SET_MAKE=''
SHELL='/bin/bash'
STRIP=''
USE_NLS='yes'
VERSION='0.2.99.4'
XGETTEXT='/usr/bin/xgettext'
XMKMF=''
X_CFLAGS=''
X_EXTRA_LIBS=''
X_LIBS=''
X_PRE_LIBS=' -lSM -lICE'
ac_ct_CC='gcc'
am__fastdepCC_FALSE='#'
am__fastdepCC_TRUE=''
am__include='include'
am__leading_dot='.'
am__quote=''
bindir='${exec_prefix}/bin'
build_alias=''
datadir='${datarootdir}'
datarootdir='${prefix}/share'
docdir='${datarootdir}/doc/${PACKAGE}'
dvidir='${docdir}'
exec_prefix='${prefix}'
host_alias=''
htmldir='${docdir}'
includedir='${prefix}/include'
infodir='${datarootdir}/info'
install_sh='/home/yorik/Sources/g3dviewer-0.2.99.4/install-sh'
libdir='${exec_prefix}/lib'
libexecdir='${exec_prefix}/libexec'
localedir='${datarootdir}/locale'
localstatedir='${prefix}/var'
mandir='${datarootdir}/man'
oldincludedir='/usr/include'
pdfdir='${docdir}'
prefix='/usr/local'
program_transform_name='s,x,x,'
psdir='${docdir}'
sbindir='${exec_prefix}/sbin'
sharedstatedir='${prefix}/com'
sysconfdir='${prefix}/etc'
target_alias=''

## ----------- ##
## confdefs.h. ##
## ----------- ##

#define PACKAGE_NAME ""
#define PACKAGE_TARNAME ""
#define PACKAGE_VERSION ""
#define PACKAGE_STRING ""
#define PACKAGE_BUGREPORT ""
#define STDC_HEADERS 1
#define HAVE_SYS_TYPES_H 1
#define HAVE_SYS_STAT_H 1
#define HAVE_STDLIB_H 1
#define HAVE_STRING_H 1
#define HAVE_MEMORY_H 1
#define HAVE_STRINGS_H 1
#define HAVE_INTTYPES_H 1
#define HAVE_STDINT_H 1
#define HAVE_UNISTD_H 1
#define HAVE_LOCALE_H 1
#define HAVE_LC_MESSAGES 1
#define HAVE_BIND_TEXTDOMAIN_CODESET 1
#define HAVE_GETTEXT 1
#define HAVE_DCGETTEXT 1
#define ENABLE_NLS 1
#define HAVE_GL_GL_H 1
#define HAVE_GL_GLU_H 1
#define HAVE_DIRENT_H 1
#define HAVE_SYS_STAT_H 1
#define HAVE_UNISTD_H 1
#define HAVE_SNPRINTF 1
#define DATA_DIR "/usr/local/share/g3dviewer"

configure: exit 0
